#
# A fatal error has been detected by the Java Runtime Environment:
#
#  EXCEPTION_ACCESS_VIOLATION (0xc0000005) at pc=0x00007ffa5f305fae, pid=15808, tid=16848
#
# JRE version: OpenJDK Runtime Environment (11.0.3+7) (build 11.0.3+7)
# Java VM: OpenJDK 64-Bit Server VM (11.0.3+7, mixed mode, tiered, compressed oops, g1 gc, windows-amd64)
# Problematic frame:
# C  [ntdll.dll+0xa5fae]
#
# No core dump will be written. Minidumps are not enabled by default on client versions of Windows
#
# If you would like to submit a bug report, please visit:
#   https://github.com/AdoptOpenJDK/openjdk-build/issues
#

---------------  S U M M A R Y ------------

Command Line: -Dclojure.libfile=.cpcache\C6F7503879AD39C1AD5B228AABA194E1.libs clojure.main -m nrepl.cmdline --middleware [cider.nrepl/cider-middleware]

Host: AMD Ryzen 3 2200G with Radeon Vega Graphics    , 4 cores, 5G,  Windows 10 , 64 bit Build 18362 (10.0.18362.329)
Time: Tue Apr 14 18:51:26 2020 GMT Summer Time elapsed time: 40 seconds (0d 0h 0m 40s)

---------------  T H R E A D  ---------------

Current thread (0x0000025c63549000):  VMThread "VM Thread" [stack: 0x00000098c9200000,0x00000098c9300000] [id=16848]

Stack: [0x00000098c9200000,0x00000098c9300000],  sp=0x00000098c92fedd0,  free space=1019k
Native frames: (J=compiled Java code, j=interpreted, Vv=VM code, C=native code)
C  [ntdll.dll+0xa5fae]
C  [ntdll.dll+0x3fc11]
C  [ucrtbase.dll+0x114cb]
V  [jvm.dll+0x65c9d8]
V  [jvm.dll+0x2cf9bc]
V  [jvm.dll+0x7134da]
V  [jvm.dll+0x712b9c]
V  [jvm.dll+0x710ff7]
V  [jvm.dll+0x711820]
V  [jvm.dll+0x711b37]
V  [jvm.dll+0x6cc9cc]
V  [jvm.dll+0x5d5e96]
C  [ucrtbase.dll+0x20e72]
C  [KERNEL32.DLL+0x17bd4]
C  [ntdll.dll+0x6ced1]


siginfo: EXCEPTION_ACCESS_VIOLATION (0xc0000005), reading address 0x0000000000000000


Register to memory mapping:

RIP=0x00007ffa5f305fae ntdll.dll
RAX=0x0 is NULL
RBX=0x0000025c644892b0 points into unknown readable memory: 00 00 00 00 00 00 00 00
RCX=0x00000000000004f0 is an unknown value
RDX=0x000000000000000f is an unknown value
RSP=0x00000098c92fedd0 points into unknown readable memory: 04 00 00 00 00 00 00 00
RBP=0x0000025c44150000 points into unknown readable memory: 00 00 00 00 00 00 00 00
RSI=0x0000025c65b33520 points into unknown readable memory: 07 00 00 00 ff ff ff ff
RDI=0x0 is NULL
R8 =0x0 is NULL
R9 =
[error occurred during error reporting (printing register info), id 0xc0000005, EXCEPTION_ACCESS_VIOLATION (0xc0000005) at pc=0x00007ffa0ae03046]

Registers:
RAX=0x0000000000000000, RBX=0x0000025c644892b0, RCX=0x00000000000004f0, RDX=0x000000000000000f
RSP=0x00000098c92fedd0, RBP=0x0000025c44150000, RSI=0x0000025c65b33520, RDI=0x0000000000000000
R8 =0x0000000000000000, R9 =0x00000000ad1486b0, R10=0x0000000000008000, R11=0x00000098c92fee50
R12=0x0000000000000000, R13=0x0000025c65b33510, R14=0x0000025c46228440, R15=0x0000000000000000
RIP=0x00007ffa5f305fae, EFLAGS=0x0000000000010216

Top of Stack: (sp=0x00000098c92fedd0)
0x00000098c92fedd0:   0000000000000004 0000025c462d3c2c
0x00000098c92fede0:   0000000000000002 00007ffa0ae069fe
0x00000098c92fedf0:   0000000000000002 00007ffa0ae06998
0x00000098c92fee00:   0000025c644892b0 0000000f0000094e
0x00000098c92fee10:   0000000000000005 0000000000000000
0x00000098c92fee20:   0000000000000002 00007ffa0ae069fe
0x00000098c92fee30:   0000000000000002 00007ffa0ae06c50
0x00000098c92fee40:   0000025c462d3c44 0000025c46228908
0x00000098c92fee50:   0000000000000000 0000025c46228440
0x00000098c92fee60:   0000025c462e48f0 0000000000000001
0x00000098c92fee70:   0000025c65b33520 00007ffa5f29fc11
0x00000098c92fee80:   0000025c46228440 0000025c44150000
0x00000098c92fee90:   00000098c92ff020 0000000000000000
0x00000098c92feea0:   0000000000000000 0000000000000000
0x00000098c92feeb0:   0000025c65b333e0 00007ffa5d2214cb
0x00000098c92feec0:   0000025c64e1fab0 0000000000000000 

Instructions: (pc=0x00007ffa5f305fae)
0x00007ffa5f305f8e:   05 00 00 0f 0d 0b 4c 8b 43 08 41 8b 45 0c c1 e8
0x00007ffa5f305f9e:   08 0f b7 d0 48 8b 03 4c 89 44 24 48 89 54 24 3c
0x00007ffa5f305fae:   48 8b 08 41 8b 40 18 41 33 c1 4c 8b 71 18 41 33
0x00007ffa5f305fbe:   c6 41 33 c0 8b c8 c1 e8 10 0f af c2 0f b7 c9 49 


Stack slot to memory mapping:
stack at sp + 0 slots: 0x0000000000000004 is an unknown value
stack at sp + 1 slots: 0x0000025c462d3c2c points into unknown readable memory: 9f 00 00 00
stack at sp + 2 slots: 0x0000000000000002 is an unknown value
stack at sp + 3 slots: 0x00007ffa0ae069fe jvm.dll
stack at sp + 4 slots: 0x0000000000000002 is an unknown value
stack at sp + 5 slots: 0x00007ffa0ae06998 jvm.dll
stack at sp + 6 slots: 0x0000025c644892b0 points into unknown readable memory: 00 00 00 00 00 00 00 00
stack at sp + 7 slots: 0x0000000f0000094e is an unknown value

VM_Operation (0x00000098cabfdeb0): G1CollectForAllocation, mode: safepoint, requested by thread 0x0000025c68545800


---------------  P R O C E S S  ---------------

Threads class SMR info:
_java_thread_list=0x0000025c64fec060, length=25, elements={
0x0000025c46219800, 0x0000025c6356f000, 0x0000025c63579800, 0x0000025c63f13000,
0x0000025c6358a800, 0x0000025c6358d800, 0x0000025c63598800, 0x0000025c6359d000,
0x0000025c6404d800, 0x0000025c64057800, 0x0000025c6864b800, 0x0000025c67132000,
0x0000025c64ea8000, 0x0000025c65990000, 0x0000025c64882000, 0x0000025c64866800,
0x0000025c6b43e800, 0x0000025c6964b800, 0x0000025c6864a800, 0x0000025c69351800,
0x0000025c68545800, 0x0000025c68543800, 0x0000025c68543000, 0x0000025c68546000,
0x0000025c64ce2000
}

Java Threads: ( => current thread )
  0x0000025c46219800 JavaThread "main" [_thread_blocked, id=6504, stack(0x00000098c8c00000,0x00000098c8d00000)]
  0x0000025c6356f000 JavaThread "Reference Handler" daemon [_thread_blocked, id=12968, stack(0x00000098c9300000,0x00000098c9400000)]
  0x0000025c63579800 JavaThread "Finalizer" daemon [_thread_blocked, id=6952, stack(0x00000098c9400000,0x00000098c9500000)]
  0x0000025c63f13000 JavaThread "Signal Dispatcher" daemon [_thread_blocked, id=7960, stack(0x00000098c9500000,0x00000098c9600000)]
  0x0000025c6358a800 JavaThread "Attach Listener" daemon [_thread_blocked, id=7752, stack(0x00000098c9600000,0x00000098c9700000)]
  0x0000025c6358d800 JavaThread "C2 CompilerThread0" daemon [_thread_blocked, id=17844, stack(0x00000098c9700000,0x00000098c9800000)]
  0x0000025c63598800 JavaThread "C1 CompilerThread0" daemon [_thread_blocked, id=7092, stack(0x00000098c9800000,0x00000098c9900000)]
  0x0000025c6359d000 JavaThread "Sweeper thread" daemon [_thread_blocked, id=21204, stack(0x00000098c9900000,0x00000098c9a00000)]
  0x0000025c6404d800 JavaThread "Service Thread" daemon [_thread_blocked, id=14884, stack(0x00000098c9a00000,0x00000098c9b00000)]
  0x0000025c64057800 JavaThread "Common-Cleaner" daemon [_thread_blocked, id=21860, stack(0x00000098c9c00000,0x00000098c9d00000)]
  0x0000025c6864b800 JavaThread "clojure-agent-send-off-pool-0" [_thread_in_native, id=4200, stack(0x00000098c9f00000,0x00000098ca000000)]
  0x0000025c67132000 JavaThread "clojure-agent-send-off-pool-1" [_thread_blocked, id=2328, stack(0x00000098c9e00000,0x00000098c9f00000)]
  0x0000025c64ea8000 JavaThread "clojure-agent-send-off-pool-2" [_thread_in_native, id=21808, stack(0x00000098ca000000,0x00000098ca100000)]
  0x0000025c65990000 JavaThread "clojure-agent-send-off-pool-3" [_thread_blocked, id=10964, stack(0x00000098ca200000,0x00000098ca300000)]
  0x0000025c64882000 JavaThread "clojure-agent-send-off-pool-4" [_thread_blocked, id=2032, stack(0x00000098ca500000,0x00000098ca600000)]
  0x0000025c64866800 JavaThread "nREPL-worker-0" daemon [_thread_blocked, id=4128, stack(0x00000098ca600000,0x00000098ca700000)]
  0x0000025c6b43e800 JavaThread "clojure-agent-send-pool-0" daemon [_thread_blocked, id=21608, stack(0x00000098ca700000,0x00000098ca800000)]
  0x0000025c6964b800 JavaThread "nRepl-session-8093af36-0410-482e-a033-c8ce4cd77317" daemon [_thread_blocked, id=11304, stack(0x00000098ca800000,0x00000098ca900000)]
  0x0000025c6864a800 JavaThread "clojure-agent-send-off-pool-5" [_thread_blocked, id=22200, stack(0x00000098ca900000,0x00000098caa00000)]
  0x0000025c69351800 JavaThread "clojure-agent-send-off-pool-6" [_thread_blocked, id=12164, stack(0x00000098caa00000,0x00000098cab00000)]
  0x0000025c68545800 JavaThread "nRepl-session-6b8fa7ef-a661-49d2-adb3-39f2c2f5b2d9" daemon [_thread_blocked, id=1712, stack(0x00000098cab00000,0x00000098cac00000)]
  0x0000025c68543800 JavaThread "clojure-agent-send-pool-1" daemon [_thread_blocked, id=1464, stack(0x00000098cac00000,0x00000098cad00000)]
  0x0000025c68543000 JavaThread "clojure-agent-send-pool-2" daemon [_thread_blocked, id=18308, stack(0x00000098cad00000,0x00000098cae00000)]
  0x0000025c68546000 JavaThread "clojure-agent-send-pool-3" daemon [_thread_blocked, id=9396, stack(0x00000098cae00000,0x00000098caf00000)]
  0x0000025c64ce2000 JavaThread "clojure-agent-send-pool-4" daemon [_thread_blocked, id=2076, stack(0x00000098cb100000,0x00000098cb200000)]

Other Threads:
=>0x0000025c63549000 VMThread "VM Thread" [stack: 0x00000098c9200000,0x00000098c9300000] [id=16848]
  0x0000025c64051000 WatcherThread [stack: 0x00000098c9b00000,0x00000098c9c00000] [id=15260]
  0x0000025c4622f800 GCTaskThread "GC Thread#0" [stack: 0x00000098c8d00000,0x00000098c8e00000] [id=15712]
  0x0000025c647ea000 GCTaskThread "GC Thread#1" [stack: 0x00000098c9d00000,0x00000098c9e00000] [id=16700]
  0x0000025c66fa6800 GCTaskThread "GC Thread#2" [stack: 0x00000098ca300000,0x00000098ca400000] [id=21372]
  0x0000025c65aae000 GCTaskThread "GC Thread#3" [stack: 0x00000098ca400000,0x00000098ca500000] [id=3324]
  0x0000025c46257000 ConcurrentGCThread "G1 Main Marker" [stack: 0x00000098c8e00000,0x00000098c8f00000] [id=12060]
  0x0000025c46258800 ConcurrentGCThread "G1 Conc#0" [stack: 0x00000098c8f00000,0x00000098c9000000] [id=15904]
  0x0000025c462cf000 ConcurrentGCThread "G1 Refine#0" [stack: 0x00000098c9000000,0x00000098c9100000] [id=12788]
  0x0000025c462d0000 ConcurrentGCThread "G1 Young RemSet Sampling" [stack: 0x00000098c9100000,0x00000098c9200000] [id=17580]

Threads with active compile tasks:

VM state:at safepoint (normal execution)

VM Mutex/Monitor currently owned by a thread:  ([mutex/lock_event])
[0x0000025c462158c0] Threads_lock - owner thread: 0x0000025c63549000
[0x0000025c46216250] Heap_lock - owner thread: 0x0000025c68545800

Heap address: 0x00000000a0e00000, size: 1522 MB, Compressed Oops mode: 32-bit
Narrow klass base: 0x0000000000000000, Narrow klass shift: 3
Compressed class space size: 1073741824 Address: 0x0000000100000000

Heap:
 garbage-first heap   total 172032K, used 129875K [0x00000000a0e00000, 0x0000000100000000)
  region size 1024K, 53 young (54272K), 0 survivors (0K)
 Metaspace       used 50745K, capacity 58039K, committed 58140K, reserved 1095680K
  class space    used 8706K, capacity 11057K, committed 11136K, reserved 1048576K
Heap Regions: E=young(eden), S=young(survivor), O=old, HS=humongous(starts), HC=humongous(continues), CS=collection set, F=free, A=archive, TAMS=top-at-mark-start (previous, next)
|   0|0x00000000a0e00000, 0x00000000a0f00000, 0x00000000a0f00000|100%| O|  |TAMS 0x00000000a0f00000, 0x00000000a0e00000| Untracked 
|   1|0x00000000a0f00000, 0x00000000a1000000, 0x00000000a1000000|100%| O|  |TAMS 0x00000000a1000000, 0x00000000a0f00000| Untracked 
|   2|0x00000000a1000000, 0x00000000a1100000, 0x00000000a1100000|100%| O|  |TAMS 0x00000000a1100000, 0x00000000a1000000| Untracked 
|   3|0x00000000a1100000, 0x00000000a1200000, 0x00000000a1200000|100%| O|  |TAMS 0x00000000a1200000, 0x00000000a1100000| Untracked 
|   4|0x00000000a1200000, 0x00000000a1300000, 0x00000000a1300000|100%| O|  |TAMS 0x00000000a1300000, 0x00000000a1200000| Untracked 
|   5|0x00000000a1300000, 0x00000000a1400000, 0x00000000a1400000|100%| O|  |TAMS 0x00000000a1400000, 0x00000000a1300000| Untracked 
|   6|0x00000000a1400000, 0x00000000a1500000, 0x00000000a1500000|100%|HS|  |TAMS 0x00000000a1500000, 0x00000000a1400000| Complete 
|   7|0x00000000a1500000, 0x00000000a1600000, 0x00000000a1600000|100%|HC|  |TAMS 0x00000000a1600000, 0x00000000a1500000| Complete 
|   8|0x00000000a1600000, 0x00000000a1700000, 0x00000000a1700000|100%|HC|  |TAMS 0x00000000a1700000, 0x00000000a1600000| Complete 
|   9|0x00000000a1700000, 0x00000000a1800000, 0x00000000a1800000|100%| O|  |TAMS 0x00000000a1800000, 0x00000000a1700000| Untracked 
|  10|0x00000000a1800000, 0x00000000a1900000, 0x00000000a1900000|100%| O|  |TAMS 0x00000000a1900000, 0x00000000a1800000| Complete 
|  11|0x00000000a1900000, 0x00000000a1900000, 0x00000000a1a00000|  0%| F|  |TAMS 0x00000000a1900000, 0x00000000a1900000| Untracked 
|  12|0x00000000a1a00000, 0x00000000a1a00000, 0x00000000a1b00000|  0%| F|  |TAMS 0x00000000a1a00000, 0x00000000a1a00000| Untracked 
|  13|0x00000000a1b00000, 0x00000000a1c00000, 0x00000000a1c00000|100%| O|  |TAMS 0x00000000a1c00000, 0x00000000a1b00000| Complete 
|  14|0x00000000a1c00000, 0x00000000a1d00000, 0x00000000a1d00000|100%| O|  |TAMS 0x00000000a1d00000, 0x00000000a1c00000| Untracked 
|  15|0x00000000a1d00000, 0x00000000a1e00000, 0x00000000a1e00000|100%| O|  |TAMS 0x00000000a1e00000, 0x00000000a1d00000| Untracked 
|  16|0x00000000a1e00000, 0x00000000a1f00000, 0x00000000a1f00000|100%| O|  |TAMS 0x00000000a1f00000, 0x00000000a1e00000| Untracked 
|  17|0x00000000a1f00000, 0x00000000a2000000, 0x00000000a2000000|100%| O|  |TAMS 0x00000000a2000000, 0x00000000a1f00000| Untracked 
|  18|0x00000000a2000000, 0x00000000a2100000, 0x00000000a2100000|100%| O|  |TAMS 0x00000000a2100000, 0x00000000a2000000| Untracked 
|  19|0x00000000a2100000, 0x00000000a2200000, 0x00000000a2200000|100%| O|  |TAMS 0x00000000a2200000, 0x00000000a2100000| Complete 
|  20|0x00000000a2200000, 0x00000000a2300000, 0x00000000a2300000|100%| O|  |TAMS 0x00000000a2300000, 0x00000000a2200000| Complete 
|  21|0x00000000a2300000, 0x00000000a2400000, 0x00000000a2400000|100%| O|  |TAMS 0x00000000a2400000, 0x00000000a2300000| Untracked 
|  22|0x00000000a2400000, 0x00000000a2500000, 0x00000000a2500000|100%| O|  |TAMS 0x00000000a2500000, 0x00000000a2400000| Complete 
|  23|0x00000000a2500000, 0x00000000a2600000, 0x00000000a2600000|100%| O|  |TAMS 0x00000000a2600000, 0x00000000a2500000| Untracked 
|  24|0x00000000a2600000, 0x00000000a2700000, 0x00000000a2700000|100%| O|  |TAMS 0x00000000a2700000, 0x00000000a2600000| Complete 
|  25|0x00000000a2700000, 0x00000000a2800000, 0x00000000a2800000|100%| O|  |TAMS 0x00000000a2800000, 0x00000000a2700000| Untracked 
|  26|0x00000000a2800000, 0x00000000a2900000, 0x00000000a2900000|100%| O|  |TAMS 0x00000000a2900000, 0x00000000a2800000| Untracked 
|  27|0x00000000a2900000, 0x00000000a2a00000, 0x00000000a2a00000|100%| O|  |TAMS 0x00000000a2a00000, 0x00000000a2900000| Untracked 
|  28|0x00000000a2a00000, 0x00000000a2b00000, 0x00000000a2b00000|100%| O|  |TAMS 0x00000000a2b00000, 0x00000000a2a00000| Untracked 
|  29|0x00000000a2b00000, 0x00000000a2c00000, 0x00000000a2c00000|100%| O|  |TAMS 0x00000000a2c00000, 0x00000000a2b00000| Untracked 
|  30|0x00000000a2c00000, 0x00000000a2c00000, 0x00000000a2d00000|  0%| F|  |TAMS 0x00000000a2c00000, 0x00000000a2c00000| Untracked 
|  31|0x00000000a2d00000, 0x00000000a2e00000, 0x00000000a2e00000|100%| O|  |TAMS 0x00000000a2e00000, 0x00000000a2d00000| Complete 
|  32|0x00000000a2e00000, 0x00000000a2f00000, 0x00000000a2f00000|100%| O|  |TAMS 0x00000000a2f00000, 0x00000000a2e00000| Complete 
|  33|0x00000000a2f00000, 0x00000000a3000000, 0x00000000a3000000|100%| O|  |TAMS 0x00000000a3000000, 0x00000000a2f00000| Untracked 
|  34|0x00000000a3000000, 0x00000000a3100000, 0x00000000a3100000|100%| O|  |TAMS 0x00000000a3100000, 0x00000000a3000000| Untracked 
|  35|0x00000000a3100000, 0x00000000a3200000, 0x00000000a3200000|100%| O|  |TAMS 0x00000000a3200000, 0x00000000a3100000| Complete 
|  36|0x00000000a3200000, 0x00000000a3300000, 0x00000000a3300000|100%| O|  |TAMS 0x00000000a3300000, 0x00000000a3200000| Complete 
|  37|0x00000000a3300000, 0x00000000a3400000, 0x00000000a3400000|100%| O|  |TAMS 0x00000000a3400000, 0x00000000a3300000| Complete 
|  38|0x00000000a3400000, 0x00000000a3500000, 0x00000000a3500000|100%| O|  |TAMS 0x00000000a3500000, 0x00000000a3400000| Complete 
|  39|0x00000000a3500000, 0x00000000a3600000, 0x00000000a3600000|100%| O|  |TAMS 0x00000000a3600000, 0x00000000a3500000| Untracked 
|  40|0x00000000a3600000, 0x00000000a3700000, 0x00000000a3700000|100%| O|  |TAMS 0x00000000a3700000, 0x00000000a3600000| Complete 
|  41|0x00000000a3700000, 0x00000000a3800000, 0x00000000a3800000|100%| O|  |TAMS 0x00000000a3800000, 0x00000000a3700000| Untracked 
|  42|0x00000000a3800000, 0x00000000a3800000, 0x00000000a3900000|  0%| F|  |TAMS 0x00000000a3800000, 0x00000000a3800000| Untracked 
|  43|0x00000000a3900000, 0x00000000a3a00000, 0x00000000a3a00000|100%| O|  |TAMS 0x00000000a3a00000, 0x00000000a3900000| Complete 
|  44|0x00000000a3a00000, 0x00000000a3b00000, 0x00000000a3b00000|100%| O|  |TAMS 0x00000000a3b00000, 0x00000000a3a00000| Complete 
|  45|0x00000000a3b00000, 0x00000000a3c00000, 0x00000000a3c00000|100%| O|  |TAMS 0x00000000a3c00000, 0x00000000a3b00000| Complete 
|  46|0x00000000a3c00000, 0x00000000a3d00000, 0x00000000a3d00000|100%| O|  |TAMS 0x00000000a3d00000, 0x00000000a3c00000| Complete 
|  47|0x00000000a3d00000, 0x00000000a3e00000, 0x00000000a3e00000|100%| O|  |TAMS 0x00000000a3e00000, 0x00000000a3d00000| Complete 
|  48|0x00000000a3e00000, 0x00000000a3f00000, 0x00000000a3f00000|100%| O|  |TAMS 0x00000000a3f00000, 0x00000000a3e00000| Complete 
|  49|0x00000000a3f00000, 0x00000000a4000000, 0x00000000a4000000|100%| O|  |TAMS 0x00000000a4000000, 0x00000000a3f00000| Complete 
|  50|0x00000000a4000000, 0x00000000a4100000, 0x00000000a4100000|100%| O|  |TAMS 0x00000000a4100000, 0x00000000a4000000| Complete 
|  51|0x00000000a4100000, 0x00000000a4200000, 0x00000000a4200000|100%| O|  |TAMS 0x00000000a4200000, 0x00000000a4100000| Complete 
|  52|0x00000000a4200000, 0x00000000a4300000, 0x00000000a4300000|100%| O|  |TAMS 0x00000000a4300000, 0x00000000a4200000| Untracked 
|  53|0x00000000a4300000, 0x00000000a4400000, 0x00000000a4400000|100%| O|  |TAMS 0x00000000a4400000, 0x00000000a4300000| Complete 
|  54|0x00000000a4400000, 0x00000000a4500000, 0x00000000a4500000|100%| O|  |TAMS 0x00000000a4500000, 0x00000000a4400000| Complete 
|  55|0x00000000a4500000, 0x00000000a4600000, 0x00000000a4600000|100%| O|  |TAMS 0x00000000a4600000, 0x00000000a4500000| Untracked 
|  56|0x00000000a4600000, 0x00000000a4700000, 0x00000000a4700000|100%| O|  |TAMS 0x00000000a4700000, 0x00000000a4600000| Complete 
|  57|0x00000000a4700000, 0x00000000a4800000, 0x00000000a4800000|100%| O|  |TAMS 0x00000000a4800000, 0x00000000a4700000| Complete 
|  58|0x00000000a4800000, 0x00000000a4900000, 0x00000000a4900000|100%| O|  |TAMS 0x00000000a4900000, 0x00000000a4800000| Complete 
|  59|0x00000000a4900000, 0x00000000a4a00000, 0x00000000a4a00000|100%| O|  |TAMS 0x00000000a4a00000, 0x00000000a4900000| Complete 
|  60|0x00000000a4a00000, 0x00000000a4b00000, 0x00000000a4b00000|100%| O|  |TAMS 0x00000000a4b00000, 0x00000000a4a00000| Complete 
|  61|0x00000000a4b00000, 0x00000000a4c00000, 0x00000000a4c00000|100%| O|  |TAMS 0x00000000a4c00000, 0x00000000a4b00000| Untracked 
|  62|0x00000000a4c00000, 0x00000000a4d00000, 0x00000000a4d00000|100%| O|  |TAMS 0x00000000a4d00000, 0x00000000a4c00000| Complete 
|  63|0x00000000a4d00000, 0x00000000a4e00000, 0x00000000a4e00000|100%|HS|  |TAMS 0x00000000a4d00000, 0x00000000a4d00000| Complete 
|  64|0x00000000a4e00000, 0x00000000a4f00000, 0x00000000a4f00000|100%|HC|  |TAMS 0x00000000a4e00000, 0x00000000a4e00000| Complete 
|  65|0x00000000a4f00000, 0x00000000a5000000, 0x00000000a5000000|100%|HS|  |TAMS 0x00000000a4f00000, 0x00000000a4f00000| Complete 
|  66|0x00000000a5000000, 0x00000000a5100000, 0x00000000a5100000|100%|HC|  |TAMS 0x00000000a5000000, 0x00000000a5000000| Complete 
|  67|0x00000000a5100000, 0x00000000a5200000, 0x00000000a5200000|100%|HC|  |TAMS 0x00000000a5100000, 0x00000000a5100000| Complete 
|  68|0x00000000a5200000, 0x00000000a5300000, 0x00000000a5300000|100%|HC|  |TAMS 0x00000000a5200000, 0x00000000a5200000| Complete 
|  69|0x00000000a5300000, 0x00000000a5400000, 0x00000000a5400000|100%|HS|  |TAMS 0x00000000a5400000, 0x00000000a5300000| Complete 
|  70|0x00000000a5400000, 0x00000000a5500000, 0x00000000a5500000|100%|HC|  |TAMS 0x00000000a5500000, 0x00000000a5400000| Complete 
|  71|0x00000000a5500000, 0x00000000a5600000, 0x00000000a5600000|100%|HC|  |TAMS 0x00000000a5600000, 0x00000000a5500000| Complete 
|  72|0x00000000a5600000, 0x00000000a5700000, 0x00000000a5700000|100%|HC|  |TAMS 0x00000000a5700000, 0x00000000a5600000| Complete 
|  73|0x00000000a5700000, 0x00000000a5800000, 0x00000000a5800000|100%|HC|  |TAMS 0x00000000a5800000, 0x00000000a5700000| Complete 
|  74|0x00000000a5800000, 0x00000000a5900000, 0x00000000a5900000|100%| O|  |TAMS 0x00000000a5900000, 0x00000000a5800000| Untracked 
|  75|0x00000000a5900000, 0x00000000a593c400, 0x00000000a5a00000| 23%| O|  |TAMS 0x00000000a593c400, 0x00000000a5900000| Untracked 
|  76|0x00000000a5a00000, 0x00000000a5a00000, 0x00000000a5b00000|  0%| F|  |TAMS 0x00000000a5a00000, 0x00000000a5a00000| Untracked 
|  77|0x00000000a5b00000, 0x00000000a5b00000, 0x00000000a5c00000|  0%| F|  |TAMS 0x00000000a5b00000, 0x00000000a5b00000| Untracked 
|  78|0x00000000a5c00000, 0x00000000a5c00000, 0x00000000a5d00000|  0%| F|  |TAMS 0x00000000a5c00000, 0x00000000a5c00000| Untracked 
|  79|0x00000000a5d00000, 0x00000000a5d00000, 0x00000000a5e00000|  0%| F|  |TAMS 0x00000000a5d00000, 0x00000000a5d00000| Untracked 
|  80|0x00000000a5e00000, 0x00000000a5e00000, 0x00000000a5f00000|  0%| F|  |TAMS 0x00000000a5e00000, 0x00000000a5e00000| Untracked 
|  81|0x00000000a5f00000, 0x00000000a5f00000, 0x00000000a6000000|  0%| F|  |TAMS 0x00000000a5f00000, 0x00000000a5f00000| Untracked 
|  82|0x00000000a6000000, 0x00000000a6000000, 0x00000000a6100000|  0%| F|  |TAMS 0x00000000a6000000, 0x00000000a6000000| Untracked 
|  83|0x00000000a6100000, 0x00000000a6100000, 0x00000000a6200000|  0%| F|  |TAMS 0x00000000a6100000, 0x00000000a6100000| Untracked 
|  84|0x00000000a6200000, 0x00000000a6200000, 0x00000000a6300000|  0%| F|  |TAMS 0x00000000a6200000, 0x00000000a6200000| Untracked 
|  85|0x00000000a6300000, 0x00000000a6300000, 0x00000000a6400000|  0%| F|  |TAMS 0x00000000a6300000, 0x00000000a6300000| Untracked 
|  86|0x00000000a6400000, 0x00000000a6400000, 0x00000000a6500000|  0%| F|  |TAMS 0x00000000a6400000, 0x00000000a6400000| Untracked 
|  87|0x00000000a6500000, 0x00000000a6500000, 0x00000000a6600000|  0%| F|  |TAMS 0x00000000a6500000, 0x00000000a6500000| Untracked 
|  88|0x00000000a6600000, 0x00000000a6600000, 0x00000000a6700000|  0%| F|  |TAMS 0x00000000a6600000, 0x00000000a6600000| Untracked 
|  89|0x00000000a6700000, 0x00000000a6700000, 0x00000000a6800000|  0%| F|  |TAMS 0x00000000a6700000, 0x00000000a6700000| Untracked 
|  90|0x00000000a6800000, 0x00000000a6800000, 0x00000000a6900000|  0%| F|  |TAMS 0x00000000a6800000, 0x00000000a6800000| Untracked 
|  91|0x00000000a6900000, 0x00000000a6900000, 0x00000000a6a00000|  0%| F|  |TAMS 0x00000000a6900000, 0x00000000a6900000| Untracked 
|  92|0x00000000a6a00000, 0x00000000a6a00000, 0x00000000a6b00000|  0%| F|  |TAMS 0x00000000a6a00000, 0x00000000a6a00000| Untracked 
|  93|0x00000000a6b00000, 0x00000000a6b00000, 0x00000000a6c00000|  0%| F|  |TAMS 0x00000000a6b00000, 0x00000000a6b00000| Untracked 
|  94|0x00000000a6c00000, 0x00000000a6c00000, 0x00000000a6d00000|  0%| F|  |TAMS 0x00000000a6c00000, 0x00000000a6c00000| Untracked 
|  95|0x00000000a6d00000, 0x00000000a6d00000, 0x00000000a6e00000|  0%| F|  |TAMS 0x00000000a6d00000, 0x00000000a6d00000| Untracked 
|  96|0x00000000a6e00000, 0x00000000a6e00000, 0x00000000a6f00000|  0%| F|  |TAMS 0x00000000a6e00000, 0x00000000a6e00000| Untracked 
|  97|0x00000000a6f00000, 0x00000000a6f00000, 0x00000000a7000000|  0%| F|  |TAMS 0x00000000a6f00000, 0x00000000a6f00000| Untracked 
|  98|0x00000000a7000000, 0x00000000a7000000, 0x00000000a7100000|  0%| F|  |TAMS 0x00000000a7000000, 0x00000000a7000000| Untracked 
|  99|0x00000000a7100000, 0x00000000a7100000, 0x00000000a7200000|  0%| F|  |TAMS 0x00000000a7100000, 0x00000000a7100000| Untracked 
| 100|0x00000000a7200000, 0x00000000a7200000, 0x00000000a7300000|  0%| F|  |TAMS 0x00000000a7200000, 0x00000000a7200000| Untracked 
| 101|0x00000000a7300000, 0x00000000a7300000, 0x00000000a7400000|  0%| F|  |TAMS 0x00000000a7300000, 0x00000000a7300000| Untracked 
| 102|0x00000000a7400000, 0x00000000a7400000, 0x00000000a7500000|  0%| F|  |TAMS 0x00000000a7400000, 0x00000000a7400000| Untracked 
| 103|0x00000000a7500000, 0x00000000a7500000, 0x00000000a7600000|  0%| F|  |TAMS 0x00000000a7500000, 0x00000000a7500000| Untracked 
| 104|0x00000000a7600000, 0x00000000a7600000, 0x00000000a7700000|  0%| F|  |TAMS 0x00000000a7600000, 0x00000000a7600000| Untracked 
| 105|0x00000000a7700000, 0x00000000a7700000, 0x00000000a7800000|  0%| F|  |TAMS 0x00000000a7700000, 0x00000000a7700000| Untracked 
| 106|0x00000000a7800000, 0x00000000a7800000, 0x00000000a7900000|  0%| F|  |TAMS 0x00000000a7800000, 0x00000000a7800000| Untracked 
| 107|0x00000000a7900000, 0x00000000a7900000, 0x00000000a7a00000|  0%| F|  |TAMS 0x00000000a7900000, 0x00000000a7900000| Untracked 
| 108|0x00000000a7a00000, 0x00000000a7a00000, 0x00000000a7b00000|  0%| F|  |TAMS 0x00000000a7a00000, 0x00000000a7a00000| Untracked 
| 109|0x00000000a7b00000, 0x00000000a7b00000, 0x00000000a7c00000|  0%| F|  |TAMS 0x00000000a7b00000, 0x00000000a7b00000| Untracked 
| 110|0x00000000a7c00000, 0x00000000a7c00000, 0x00000000a7d00000|  0%| F|  |TAMS 0x00000000a7c00000, 0x00000000a7c00000| Untracked 
| 111|0x00000000a7d00000, 0x00000000a7d00000, 0x00000000a7e00000|  0%| F|  |TAMS 0x00000000a7d00000, 0x00000000a7d00000| Untracked 
| 112|0x00000000a7e00000, 0x00000000a7f00000, 0x00000000a7f00000|100%| E|CS|TAMS 0x00000000a7e00000, 0x00000000a7e00000| Complete 
| 113|0x00000000a7f00000, 0x00000000a8000000, 0x00000000a8000000|100%| E|CS|TAMS 0x00000000a7f00000, 0x00000000a7f00000| Complete 
| 114|0x00000000a8000000, 0x00000000a8100000, 0x00000000a8100000|100%| E|CS|TAMS 0x00000000a8000000, 0x00000000a8000000| Complete 
| 115|0x00000000a8100000, 0x00000000a8200000, 0x00000000a8200000|100%| E|CS|TAMS 0x00000000a8100000, 0x00000000a8100000| Complete 
| 116|0x00000000a8200000, 0x00000000a8300000, 0x00000000a8300000|100%| E|CS|TAMS 0x00000000a8200000, 0x00000000a8200000| Complete 
| 117|0x00000000a8300000, 0x00000000a8400000, 0x00000000a8400000|100%| E|CS|TAMS 0x00000000a8300000, 0x00000000a8300000| Complete 
| 118|0x00000000a8400000, 0x00000000a84989d0, 0x00000000a8500000| 59%| E|CS|TAMS 0x00000000a8400000, 0x00000000a8400000| Complete 
| 119|0x00000000a8500000, 0x00000000a8600000, 0x00000000a8600000|100%| E|CS|TAMS 0x00000000a8500000, 0x00000000a8500000| Complete 
| 120|0x00000000a8600000, 0x00000000a8700000, 0x00000000a8700000|100%| E|CS|TAMS 0x00000000a8600000, 0x00000000a8600000| Complete 
| 121|0x00000000a8700000, 0x00000000a8800000, 0x00000000a8800000|100%| E|CS|TAMS 0x00000000a8700000, 0x00000000a8700000| Complete 
| 122|0x00000000a8800000, 0x00000000a8900000, 0x00000000a8900000|100%| E|CS|TAMS 0x00000000a8800000, 0x00000000a8800000| Complete 
| 123|0x00000000a8900000, 0x00000000a8a00000, 0x00000000a8a00000|100%| E|CS|TAMS 0x00000000a8900000, 0x00000000a8900000| Complete 
| 124|0x00000000a8a00000, 0x00000000a8b00000, 0x00000000a8b00000|100%| E|CS|TAMS 0x00000000a8a00000, 0x00000000a8a00000| Complete 
| 125|0x00000000a8b00000, 0x00000000a8c00000, 0x00000000a8c00000|100%| E|CS|TAMS 0x00000000a8b00000, 0x00000000a8b00000| Complete 
| 126|0x00000000a8c00000, 0x00000000a8d00000, 0x00000000a8d00000|100%| E|CS|TAMS 0x00000000a8c00000, 0x00000000a8c00000| Complete 
| 127|0x00000000a8d00000, 0x00000000a8e00000, 0x00000000a8e00000|100%| E|CS|TAMS 0x00000000a8d00000, 0x00000000a8d00000| Complete 
| 128|0x00000000a8e00000, 0x00000000a8f00000, 0x00000000a8f00000|100%| E|CS|TAMS 0x00000000a8e00000, 0x00000000a8e00000| Complete 
| 129|0x00000000a8f00000, 0x00000000a9000000, 0x00000000a9000000|100%| E|CS|TAMS 0x00000000a8f00000, 0x00000000a8f00000| Complete 
| 130|0x00000000a9000000, 0x00000000a9100000, 0x00000000a9100000|100%| E|CS|TAMS 0x00000000a9000000, 0x00000000a9000000| Complete 
| 131|0x00000000a9100000, 0x00000000a9200000, 0x00000000a9200000|100%| E|CS|TAMS 0x00000000a9100000, 0x00000000a9100000| Complete 
| 132|0x00000000a9200000, 0x00000000a9300000, 0x00000000a9300000|100%| E|CS|TAMS 0x00000000a9200000, 0x00000000a9200000| Complete 
| 133|0x00000000a9300000, 0x00000000a9400000, 0x00000000a9400000|100%| E|CS|TAMS 0x00000000a9300000, 0x00000000a9300000| Complete 
| 134|0x00000000a9400000, 0x00000000a9500000, 0x00000000a9500000|100%| E|CS|TAMS 0x00000000a9400000, 0x00000000a9400000| Complete 
| 135|0x00000000a9500000, 0x00000000a9600000, 0x00000000a9600000|100%| E|CS|TAMS 0x00000000a9500000, 0x00000000a9500000| Complete 
| 136|0x00000000a9600000, 0x00000000a9700000, 0x00000000a9700000|100%| E|CS|TAMS 0x00000000a9600000, 0x00000000a9600000| Complete 
| 137|0x00000000a9700000, 0x00000000a9800000, 0x00000000a9800000|100%| E|CS|TAMS 0x00000000a9700000, 0x00000000a9700000| Complete 
| 138|0x00000000a9800000, 0x00000000a9900000, 0x00000000a9900000|100%| E|CS|TAMS 0x00000000a9800000, 0x00000000a9800000| Complete 
| 139|0x00000000a9900000, 0x00000000a9a00000, 0x00000000a9a00000|100%| E|CS|TAMS 0x00000000a9900000, 0x00000000a9900000| Complete 
| 140|0x00000000a9a00000, 0x00000000a9b00000, 0x00000000a9b00000|100%| E|CS|TAMS 0x00000000a9a00000, 0x00000000a9a00000| Complete 
| 141|0x00000000a9b00000, 0x00000000a9c00000, 0x00000000a9c00000|100%| E|CS|TAMS 0x00000000a9b00000, 0x00000000a9b00000| Complete 
| 142|0x00000000a9c00000, 0x00000000a9d00000, 0x00000000a9d00000|100%| E|CS|TAMS 0x00000000a9c00000, 0x00000000a9c00000| Complete 
| 143|0x00000000a9d00000, 0x00000000a9e00000, 0x00000000a9e00000|100%| E|CS|TAMS 0x00000000a9d00000, 0x00000000a9d00000| Complete 
| 144|0x00000000a9e00000, 0x00000000a9f00000, 0x00000000a9f00000|100%| E|CS|TAMS 0x00000000a9e00000, 0x00000000a9e00000| Complete 
| 145|0x00000000a9f00000, 0x00000000aa000000, 0x00000000aa000000|100%| E|CS|TAMS 0x00000000a9f00000, 0x00000000a9f00000| Complete 
| 146|0x00000000aa000000, 0x00000000aa100000, 0x00000000aa100000|100%| E|CS|TAMS 0x00000000aa000000, 0x00000000aa000000| Complete 
| 147|0x00000000aa100000, 0x00000000aa200000, 0x00000000aa200000|100%| E|CS|TAMS 0x00000000aa100000, 0x00000000aa100000| Complete 
| 148|0x00000000aa200000, 0x00000000aa300000, 0x00000000aa300000|100%| E|CS|TAMS 0x00000000aa200000, 0x00000000aa200000| Complete 
| 149|0x00000000aa300000, 0x00000000aa400000, 0x00000000aa400000|100%| E|CS|TAMS 0x00000000aa300000, 0x00000000aa300000| Complete 
| 150|0x00000000aa400000, 0x00000000aa500000, 0x00000000aa500000|100%| E|CS|TAMS 0x00000000aa400000, 0x00000000aa400000| Complete 
| 151|0x00000000aa500000, 0x00000000aa600000, 0x00000000aa600000|100%| E|CS|TAMS 0x00000000aa500000, 0x00000000aa500000| Complete 
| 152|0x00000000aa600000, 0x00000000aa700000, 0x00000000aa700000|100%| E|CS|TAMS 0x00000000aa600000, 0x00000000aa600000| Complete 
| 153|0x00000000aa700000, 0x00000000aa800000, 0x00000000aa800000|100%| E|CS|TAMS 0x00000000aa700000, 0x00000000aa700000| Complete 
| 154|0x00000000aa800000, 0x00000000aa900000, 0x00000000aa900000|100%| E|CS|TAMS 0x00000000aa800000, 0x00000000aa800000| Complete 
| 155|0x00000000aa900000, 0x00000000aaa00000, 0x00000000aaa00000|100%| E|CS|TAMS 0x00000000aa900000, 0x00000000aa900000| Complete 
| 156|0x00000000aaa00000, 0x00000000aab00000, 0x00000000aab00000|100%| E|CS|TAMS 0x00000000aaa00000, 0x00000000aaa00000| Complete 
| 157|0x00000000aab00000, 0x00000000aac00000, 0x00000000aac00000|100%| E|CS|TAMS 0x00000000aab00000, 0x00000000aab00000| Complete 
| 158|0x00000000aac00000, 0x00000000aad00000, 0x00000000aad00000|100%| E|CS|TAMS 0x00000000aac00000, 0x00000000aac00000| Complete 
| 159|0x00000000aad00000, 0x00000000aae00000, 0x00000000aae00000|100%| E|CS|TAMS 0x00000000aad00000, 0x00000000aad00000| Complete 
| 160|0x00000000aae00000, 0x00000000aaf00000, 0x00000000aaf00000|100%| E|CS|TAMS 0x00000000aae00000, 0x00000000aae00000| Complete 
| 161|0x00000000aaf00000, 0x00000000ab000000, 0x00000000ab000000|100%| E|CS|TAMS 0x00000000aaf00000, 0x00000000aaf00000| Complete 
| 162|0x00000000ab000000, 0x00000000ab100000, 0x00000000ab100000|100%| E|CS|TAMS 0x00000000ab000000, 0x00000000ab000000| Complete 
| 163|0x00000000ab100000, 0x00000000ab200000, 0x00000000ab200000|100%| E|CS|TAMS 0x00000000ab100000, 0x00000000ab100000| Complete 
| 164|0x00000000ab200000, 0x00000000ab300000, 0x00000000ab300000|100%| E|CS|TAMS 0x00000000ab200000, 0x00000000ab200000| Complete 
| 165|0x00000000ab300000, 0x00000000ab400000, 0x00000000ab400000|100%| E|CS|TAMS 0x00000000ab300000, 0x00000000ab300000| Complete 
| 166|0x00000000ab400000, 0x00000000ab500000, 0x00000000ab500000|100%| E|CS|TAMS 0x00000000ab400000, 0x00000000ab400000| Complete 
| 167|0x00000000ab500000, 0x00000000ab600000, 0x00000000ab600000|100%| E|CS|TAMS 0x00000000ab500000, 0x00000000ab500000| Complete 

Card table byte_map: [0x0000025c5db00000,0x0000025c5de00000] _byte_map_base: 0x0000025c5d5f9000

Marking Bits (Prev, Next): (CMBitMap*) 0x0000025c462504e0, (CMBitMap*) 0x0000025c462504a8
 Prev Bits: [0x0000025c5f8d0000, 0x0000025c61098000)
 Next Bits: [0x0000025c5e100000, 0x0000025c5f8c8000)

Polling page: 0x0000025c44090000

Metaspace:

Usage:
  Non-class:     45.88 MB capacity,    41.05 MB ( 89%) used,     4.61 MB ( 10%) free+waste,   225.75 KB ( <1%) overhead. 
      Class:     10.80 MB capacity,     8.50 MB ( 79%) used,     2.13 MB ( 20%) free+waste,   174.44 KB (  2%) overhead. 
       Both:     56.68 MB capacity,    49.56 MB ( 87%) used,     6.73 MB ( 12%) free+waste,   400.19 KB ( <1%) overhead. 

Virtual space:
  Non-class space:       46.00 MB reserved,      45.90 MB (>99%) committed 
      Class space:        1.00 GB reserved,      10.88 MB (  1%) committed 
             Both:        1.04 GB reserved,      56.78 MB (  5%) committed 

Chunk freelists:
   Non-Class:  22.00 KB
       Class:  15.00 KB
        Both:  37.00 KB

CodeHeap 'non-profiled nmethods': size=120064Kb used=6650Kb max_used=6650Kb free=113413Kb
 bounds [0x0000025c562c0000, 0x0000025c56950000, 0x0000025c5d800000]
CodeHeap 'profiled nmethods': size=120000Kb used=20996Kb max_used=20996Kb free=99003Kb
 bounds [0x0000025c4ed90000, 0x0000025c50230000, 0x0000025c562c0000]
CodeHeap 'non-nmethods': size=5696Kb used=1480Kb max_used=1528Kb free=4215Kb
 bounds [0x0000025c4e800000, 0x0000025c4ea70000, 0x0000025c4ed90000]
 total_blobs=13071 nmethods=8233 adapters=907
 compilation: enabled
              stopped_count=0, restarted_count=0
 full_count=0

Compilation events (10 events):
Event: 40.720 Thread 0x0000025c63598800 nmethod 9413 0x0000025c5021df90 code [0x0000025c5021e140, 0x0000025c5021e2d0]
Event: 40.720 Thread 0x0000025c63598800 9414       3       lwjgl_test.core$update_globals::invokeStatic (211 bytes)
Event: 40.721 Thread 0x0000025c6358d800 nmethod 9412 0x0000025c56940110 code [0x0000025c569402c0, 0x0000025c569403c8]
Event: 40.721 Thread 0x0000025c63598800 nmethod 9414 0x0000025c5021e390 code [0x0000025c5021e800, 0x0000025c50220a40]
Event: 40.721 Thread 0x0000025c63598800 9415       3       org.lwjgl.opengl.GL11::glReadPixels (17 bytes)
Event: 40.722 Thread 0x0000025c63598800 nmethod 9415 0x0000025c50221410 code [0x0000025c50221600, 0x0000025c502219b0]
Event: 40.722 Thread 0x0000025c63598800 9416       3       org.lwjgl.glfw.GLFW::glfwSwapBuffers (21 bytes)
Event: 40.722 Thread 0x0000025c63598800 nmethod 9416 0x0000025c50221b90 code [0x0000025c50221d60, 0x0000025c50222060]
Event: 40.723 Thread 0x0000025c63598800 9417       3       org.lwjgl.glfw.GLFW::glfwPollEvents (12 bytes)
Event: 40.723 Thread 0x0000025c63598800 nmethod 9417 0x0000025c50222190 code [0x0000025c50222360, 0x0000025c50222530]

GC Heap History (10 events):
Event: 15.041 GC heap after
{Heap after GC invocations=36 (full 0):
 garbage-first heap   total 143360K, used 64979K [0x00000000a0e00000, 0x0000000100000000)
  region size 1024K, 5 young (5120K), 5 survivors (5120K)
 Metaspace       used 46250K, capacity 53070K, committed 53404K, reserved 1091584K
  class space    used 8392K, capacity 10635K, committed 10752K, reserved 1048576K
}
Event: 15.257 GC heap before
{Heap before GC invocations=36 (full 0):
 garbage-first heap   total 143360K, used 107987K [0x00000000a0e00000, 0x0000000100000000)
  region size 1024K, 47 young (48128K), 5 survivors (5120K)
 Metaspace       used 46320K, capacity 53267K, committed 53404K, reserved 1091584K
  class space    used 8402K, capacity 10680K, committed 10752K, reserved 1048576K
}
Event: 15.260 GC heap after
{Heap after GC invocations=37 (full 0):
 garbage-first heap   total 172032K, used 66345K [0x00000000a0e00000, 0x0000000100000000)
  region size 1024K, 6 young (6144K), 6 survivors (6144K)
 Metaspace       used 46320K, capacity 53267K, committed 53404K, reserved 1091584K
  class space    used 8402K, capacity 10680K, committed 10752K, reserved 1048576K
}
Event: 15.651 GC heap before
{Heap before GC invocations=37 (full 0):
 garbage-first heap   total 172032K, used 122665K [0x00000000a0e00000, 0x0000000100000000)
  region size 1024K, 61 young (62464K), 6 survivors (6144K)
 Metaspace       used 46364K, capacity 53269K, committed 53404K, reserved 1091584K
  class space    used 8402K, capacity 10680K, committed 10752K, reserved 1048576K
}
Event: 15.655 GC heap after
{Heap after GC invocations=38 (full 0):
 garbage-first heap   total 172032K, used 69632K [0x00000000a0e00000, 0x0000000100000000)
  region size 1024K, 8 young (8192K), 8 survivors (8192K)
 Metaspace       used 46364K, capacity 53269K, committed 53404K, reserved 1091584K
  class space    used 8402K, capacity 10680K, committed 10752K, reserved 1048576K
}
Event: 16.028 GC heap before
{Heap before GC invocations=38 (full 0):
 garbage-first heap   total 172032K, used 123904K [0x00000000a0e00000, 0x0000000100000000)
  region size 1024K, 62 young (63488K), 8 survivors (8192K)
 Metaspace       used 46394K, capacity 53270K, committed 53404K, reserved 1091584K
  class space    used 8402K, capacity 10680K, committed 10752K, reserved 1048576K
}
Event: 16.032 GC heap after
{Heap after GC invocations=39 (full 0):
 garbage-first heap   total 172032K, used 71710K [0x00000000a0e00000, 0x0000000100000000)
  region size 1024K, 8 young (8192K), 8 survivors (8192K)
 Metaspace       used 46394K, capacity 53270K, committed 53404K, reserved 1091584K
  class space    used 8402K, capacity 10680K, committed 10752K, reserved 1048576K
}
Event: 23.914 GC heap before
{Heap before GC invocations=39 (full 0):
 garbage-first heap   total 172032K, used 129054K [0x00000000a0e00000, 0x0000000100000000)
  region size 1024K, 55 young (56320K), 8 survivors (8192K)
 Metaspace       used 47653K, capacity 54961K, committed 55196K, reserved 1093632K
  class space    used 8573K, capacity 10938K, committed 11008K, reserved 1048576K
}
Event: 23.919 GC heap after
{Heap after GC invocations=40 (full 0):
 garbage-first heap   total 172032K, used 73555K [0x00000000a0e00000, 0x0000000100000000)
  region size 1024K, 3 young (3072K), 3 survivors (3072K)
 Metaspace       used 47653K, capacity 54961K, committed 55196K, reserved 1093632K
  class space    used 8573K, capacity 10938K, committed 11008K, reserved 1048576K
}
Event: 40.841 GC heap before
{Heap before GC invocations=41 (full 0):
 garbage-first heap   total 172032K, used 128851K [0x00000000a0e00000, 0x0000000100000000)
  region size 1024K, 56 young (57344K), 3 survivors (3072K)
 Metaspace       used 50745K, capacity 58039K, committed 58140K, reserved 1095680K
  class space    used 8706K, capacity 11057K, committed 11136K, reserved 1048576K
}

Deoptimization events (10 events):
Event: 36.360 Thread 0x0000025c68545800 Uncommon trap: reason=class_check action=maybe_recompile pc=0x0000025c564e7320 method=clojure.lang.RT.longCast(Ljava/lang/Object;)J @ 8 c2
Event: 36.360 Thread 0x0000025c68545800 Uncommon trap: reason=class_check action=maybe_recompile pc=0x0000025c564e7320 method=clojure.lang.RT.longCast(Ljava/lang/Object;)J @ 8 c2
Event: 36.360 Thread 0x0000025c68545800 Uncommon trap: reason=class_check action=maybe_recompile pc=0x0000025c564e7320 method=clojure.lang.RT.longCast(Ljava/lang/Object;)J @ 8 c2
Event: 36.360 Thread 0x0000025c68545800 Uncommon trap: reason=class_check action=maybe_recompile pc=0x0000025c563830c4 method=clojure.lang.RT.longCast(Ljava/lang/Object;)J @ 8 c2
Event: 36.360 Thread 0x0000025c68545800 Uncommon trap: reason=unstable_if action=reinterpret pc=0x0000025c56445334 method=clojure.lang.Numbers.ops(Ljava/lang/Object;)Lclojure/lang/Numbers$Ops; @ 18 c2
Event: 36.360 Thread 0x0000025c68545800 Uncommon trap: reason=class_check action=maybe_recompile pc=0x0000025c564e1600 method=clojure.lang.Numbers$LongOps.combine(Lclojure/lang/Numbers$Ops;)Lclojure/lang/Numbers$Ops; @ 2 c2
Event: 36.360 Thread 0x0000025c68545800 Uncommon trap: reason=class_check action=maybe_recompile pc=0x0000025c564e1600 method=clojure.lang.Numbers$LongOps.combine(Lclojure/lang/Numbers$Ops;)Lclojure/lang/Numbers$Ops; @ 2 c2
Event: 36.360 Thread 0x0000025c68545800 Uncommon trap: reason=class_check action=maybe_recompile pc=0x0000025c564e1600 method=clojure.lang.Numbers$LongOps.combine(Lclojure/lang/Numbers$Ops;)Lclojure/lang/Numbers$Ops; @ 2 c2
Event: 36.360 Thread 0x0000025c68545800 Uncommon trap: reason=class_check action=maybe_recompile pc=0x0000025c564e1600 method=clojure.lang.Numbers$LongOps.combine(Lclojure/lang/Numbers$Ops;)Lclojure/lang/Numbers$Ops; @ 2 c2
Event: 36.503 Thread 0x0000025c68545800 Uncommon trap: reason=null_check action=make_not_entrant pc=0x0000025c56924930 method=clojure.lang.Reflector.paramArgTypeMatch(Ljava/lang/Class;Ljava/lang/Class;)Z @ 24 c2

Classes redefined (0 events):
No events

Internal exceptions (10 events):
Event: 16.074 Thread 0x0000025c64882000 Exception <a 'sun/nio/fs/WindowsException'{0x00000000ab191448}> (0x00000000ab191448) thrown at [c:/cygwin64/tmp/openjdk-jdk11u-windows-x64-hotspot/workspace/build/src/src/hotspot/share/prims/jni.cpp, line 615]
Event: 16.074 Thread 0x0000025c64882000 Exception <a 'sun/nio/fs/WindowsException'{0x00000000ab192768}> (0x00000000ab192768) thrown at [c:/cygwin64/tmp/openjdk-jdk11u-windows-x64-hotspot/workspace/build/src/src/hotspot/share/prims/jni.cpp, line 615]
Event: 16.074 Thread 0x0000025c64882000 Exception <a 'sun/nio/fs/WindowsException'{0x00000000ab192900}> (0x00000000ab192900) thrown at [c:/cygwin64/tmp/openjdk-jdk11u-windows-x64-hotspot/workspace/build/src/src/hotspot/share/prims/jni.cpp, line 615]
Event: 16.078 Thread 0x0000025c64882000 Exception <a 'sun/nio/fs/WindowsException'{0x00000000ab0422f8}> (0x00000000ab0422f8) thrown at [c:/cygwin64/tmp/openjdk-jdk11u-windows-x64-hotspot/workspace/build/src/src/hotspot/share/prims/jni.cpp, line 615]
Event: 21.246 Thread 0x0000025c68543000 Implicit null exception at 0x0000025c5665f484 to 0x0000025c5665f7ca
Event: 21.280 Thread 0x0000025c68543000 Implicit null exception at 0x0000025c5634c16c to 0x0000025c5634c21b
Event: 35.764 Thread 0x0000025c68545800 Implicit null exception at 0x0000025c5669c79a to 0x0000025c5669d8ea
Event: 36.186 Thread 0x0000025c68545800 Exception <a 'sun/nio/fs/WindowsException'{0x00000000a9ac0a78}> (0x00000000a9ac0a78) thrown at [c:/cygwin64/tmp/openjdk-jdk11u-windows-x64-hotspot/workspace/build/src/src/hotspot/share/prims/jni.cpp, line 615]
Event: 36.186 Thread 0x0000025c68545800 Exception <a 'sun/nio/fs/WindowsException'{0x00000000a9ac0d78}> (0x00000000a9ac0d78) thrown at [c:/cygwin64/tmp/openjdk-jdk11u-windows-x64-hotspot/workspace/build/src/src/hotspot/share/prims/jni.cpp, line 615]
Event: 36.503 Thread 0x0000025c68545800 Implicit null exception at 0x0000025c5692467e to 0x0000025c5692491a

Events (10 events):
Event: 36.360 Thread 0x0000025c68545800 DEOPT UNPACKING pc=0x0000025c4e828f2f sp=0x00000098cabfe1a8 mode 2
Event: 36.360 Thread 0x0000025c68545800 Uncommon trap: trap_request=0xffffffde fr.pc=0x0000025c564e1600 relative=0x0000000000000060
Event: 36.360 Thread 0x0000025c68545800 DEOPT PACKING pc=0x0000025c564e1600 sp=0x00000098cabfe210
Event: 36.360 Thread 0x0000025c68545800 DEOPT UNPACKING pc=0x0000025c4e828f2f sp=0x00000098cabfe1a8 mode 2
Event: 36.361 Thread 0x0000025c64ce2800 Thread added: 0x0000025c64ce2800
Event: 36.503 Thread 0x0000025c68545800 Uncommon trap: trap_request=0xfffffff4 fr.pc=0x0000025c56924930 relative=0x00000000000002d0
Event: 36.503 Thread 0x0000025c68545800 DEOPT PACKING pc=0x0000025c56924930 sp=0x00000098cabfe270
Event: 36.503 Thread 0x0000025c68545800 DEOPT UNPACKING pc=0x0000025c4e828f2f sp=0x00000098cabfe218 mode 2
Event: 36.887 Thread 0x0000025c64ce2800 Thread exited: 0x0000025c64ce2800
Event: 40.841 Executing VM operation: G1CollectForAllocation


Dynamic libraries:
0x00007ff7937b0000 - 0x00007ff7937fa000 	C:\Program Files\AdoptOpenJDK\jdk-11.0.3.7-hotspot\bin\java.exe
0x00007ffa5f260000 - 0x00007ffa5f450000 	C:\WINDOWS\SYSTEM32\ntdll.dll
0x00007ffa5ddb0000 - 0x00007ffa5de62000 	C:\WINDOWS\System32\KERNEL32.DLL
0x00007ffa5c430000 - 0x00007ffa5c6d3000 	C:\WINDOWS\System32\KERNELBASE.dll
0x00007ffa5eed0000 - 0x00007ffa5f064000 	C:\WINDOWS\System32\USER32.dll
0x00007ffa5d160000 - 0x00007ffa5d181000 	C:\WINDOWS\System32\win32u.dll
0x00007ffa5ed30000 - 0x00007ffa5ed56000 	C:\WINDOWS\System32\GDI32.dll
0x00007ffa5c1f0000 - 0x00007ffa5c384000 	C:\WINDOWS\System32\gdi32full.dll
0x00007ffa5c390000 - 0x00007ffa5c42e000 	C:\WINDOWS\System32\msvcp_win.dll
0x00007ffa5d210000 - 0x00007ffa5d30a000 	C:\WINDOWS\System32\ucrtbase.dll
0x00007ffa4a170000 - 0x00007ffa4a3f5000 	C:\WINDOWS\WinSxS\amd64_microsoft.windows.common-controls_6595b64144ccf1df_6.0.18362.720_none_e6beb5c51314836b\COMCTL32.dll
0x00007ffa5d310000 - 0x00007ffa5d3ae000 	C:\WINDOWS\System32\msvcrt.dll
0x00007ffa5da70000 - 0x00007ffa5dda6000 	C:\WINDOWS\System32\combase.dll
0x00007ffa5e750000 - 0x00007ffa5e870000 	C:\WINDOWS\System32\RPCRT4.dll
0x00007ffa5d190000 - 0x00007ffa5d210000 	C:\WINDOWS\System32\bcryptPrimitives.dll
0x00007ffa5e620000 - 0x00007ffa5e64e000 	C:\WINDOWS\System32\IMM32.DLL
0x00007ffa32a50000 - 0x00007ffa32a66000 	C:\Program Files\AdoptOpenJDK\jdk-11.0.3.7-hotspot\bin\vcruntime140.dll
0x00007ffa25250000 - 0x00007ffa252eb000 	C:\Program Files\AdoptOpenJDK\jdk-11.0.3.7-hotspot\bin\msvcp140.dll
0x00007ffa0ab30000 - 0x00007ffa0b5e4000 	C:\Program Files\AdoptOpenJDK\jdk-11.0.3.7-hotspot\bin\server\jvm.dll
0x00007ffa5ed70000 - 0x00007ffa5ee13000 	C:\WINDOWS\System32\ADVAPI32.dll
0x00007ffa5e880000 - 0x00007ffa5e917000 	C:\WINDOWS\System32\sechost.dll
0x00007ffa5ed60000 - 0x00007ffa5ed68000 	C:\WINDOWS\System32\PSAPI.DLL
0x00007ffa4c0c0000 - 0x00007ffa4c0c9000 	C:\WINDOWS\SYSTEM32\WSOCK32.dll
0x00007ffa5b290000 - 0x00007ffa5b29a000 	C:\WINDOWS\SYSTEM32\VERSION.dll
0x00007ffa59ae0000 - 0x00007ffa59b04000 	C:\WINDOWS\SYSTEM32\WINMM.dll
0x00007ffa5e6e0000 - 0x00007ffa5e74f000 	C:\WINDOWS\System32\WS2_32.dll
0x00007ffa59ab0000 - 0x00007ffa59add000 	C:\WINDOWS\SYSTEM32\WINMMBASE.dll
0x00007ffa5c8c0000 - 0x00007ffa5c90a000 	C:\WINDOWS\System32\cfgmgr32.dll
0x00007ffa5c130000 - 0x00007ffa5c141000 	C:\WINDOWS\System32\kernel.appcore.dll
0x00007ffa4d800000 - 0x00007ffa4d810000 	C:\Program Files\AdoptOpenJDK\jdk-11.0.3.7-hotspot\bin\verify.dll
0x00007ffa44890000 - 0x00007ffa44a84000 	C:\WINDOWS\SYSTEM32\DBGHELP.DLL
0x00007ffa44860000 - 0x00007ffa4488a000 	C:\WINDOWS\SYSTEM32\dbgcore.DLL
0x00007ffa314d0000 - 0x00007ffa314f8000 	C:\Program Files\AdoptOpenJDK\jdk-11.0.3.7-hotspot\bin\java.dll
0x00007ffa31970000 - 0x00007ffa31986000 	C:\Program Files\AdoptOpenJDK\jdk-11.0.3.7-hotspot\bin\zip.dll
0x00007ffa4b190000 - 0x00007ffa4b19a000 	C:\Program Files\AdoptOpenJDK\jdk-11.0.3.7-hotspot\bin\jimage.dll
0x00007ffa5df30000 - 0x00007ffa5e615000 	C:\WINDOWS\System32\SHELL32.dll
0x00007ffa5ee20000 - 0x00007ffa5eec9000 	C:\WINDOWS\System32\shcore.dll
0x00007ffa5c930000 - 0x00007ffa5d0b0000 	C:\WINDOWS\System32\windows.storage.dll
0x00007ffa5c1a0000 - 0x00007ffa5c1c3000 	C:\WINDOWS\System32\profapi.dll
0x00007ffa5c150000 - 0x00007ffa5c19a000 	C:\WINDOWS\System32\powrprof.dll
0x00007ffa5c120000 - 0x00007ffa5c130000 	C:\WINDOWS\System32\UMPDC.dll
0x00007ffa5de70000 - 0x00007ffa5dec2000 	C:\WINDOWS\System32\shlwapi.dll
0x00007ffa5c910000 - 0x00007ffa5c927000 	C:\WINDOWS\System32\cryptsp.dll
0x00007ffa31320000 - 0x00007ffa31339000 	C:\Program Files\AdoptOpenJDK\jdk-11.0.3.7-hotspot\bin\net.dll
0x00007ffa55200000 - 0x00007ffa552f1000 	C:\WINDOWS\SYSTEM32\WINHTTP.dll
0x00007ffa50300000 - 0x00007ffa504d5000 	C:\WINDOWS\SYSTEM32\urlmon.dll
0x00007ffa50e20000 - 0x00007ffa510c6000 	C:\WINDOWS\SYSTEM32\iertutil.dll
0x00007ffa5bb00000 - 0x00007ffa5bb0c000 	C:\WINDOWS\SYSTEM32\CRYPTBASE.DLL
0x00007ffa5b930000 - 0x00007ffa5b997000 	C:\WINDOWS\system32\mswsock.dll
0x00007ffa30e70000 - 0x00007ffa30e82000 	C:\Program Files\AdoptOpenJDK\jdk-11.0.3.7-hotspot\bin\nio.dll
0x00007ffa5b4a0000 - 0x00007ffa5b4d3000 	C:\WINDOWS\system32\rsaenh.dll
0x00007ffa5c890000 - 0x00007ffa5c8b6000 	C:\WINDOWS\System32\bcrypt.dll
0x00007ffa5c010000 - 0x00007ffa5c035000 	C:\WINDOWS\SYSTEM32\USERENV.dll
0x00007ffa5b640000 - 0x00007ffa5b67a000 	C:\WINDOWS\SYSTEM32\IPHLPAPI.DLL
0x00007ffa5e6d0000 - 0x00007ffa5e6d8000 	C:\WINDOWS\System32\NSI.dll
0x00007ffa55660000 - 0x00007ffa55676000 	C:\WINDOWS\SYSTEM32\dhcpcsvc6.DLL
0x00007ffa56560000 - 0x00007ffa5657c000 	C:\WINDOWS\SYSTEM32\dhcpcsvc.DLL
0x00007ffa5b680000 - 0x00007ffa5b74a000 	C:\WINDOWS\SYSTEM32\DNSAPI.dll
0x0000000063560000 - 0x0000000063586000 	C:\Program Files\Bonjour\mdnsNSP.dll
0x00007ffa523b0000 - 0x00007ffa523ba000 	C:\Windows\System32\rasadhlp.dll
0x00007ffa52e60000 - 0x00007ffa52ed7000 	C:\WINDOWS\System32\fwpuclnt.dll
0x00007ffa290f0000 - 0x00007ffa29289000 	C:\Program Files\AdoptOpenJDK\jdk-11.0.3.7-hotspot\bin\awt.dll
0x00007ffa5e920000 - 0x00007ffa5e9e4000 	C:\WINDOWS\System32\OLEAUT32.dll
0x00007ffa58c50000 - 0x00007ffa59210000 	C:\WINDOWS\SYSTEM32\d2d1.dll
0x00007ffa5a160000 - 0x00007ffa5a1ef000 	C:\WINDOWS\SYSTEM32\apphelp.dll
0x00007ffa4b1e0000 - 0x00007ffa4b239000 	C:\Users\jonathan\AppData\Local\Temp\lwjgljonathan\3.1.5-build-1\lwjgl.dll
0x00007ffa4d180000 - 0x00007ffa4d1ce000 	C:\Users\jonathan\AppData\Local\Temp\lwjgljonathan\3.1.5-build-1\glfw.dll
0x00007ffa5a340000 - 0x00007ffa5a3d9000 	C:\WINDOWS\system32\uxtheme.dll
0x00007ffa4b440000 - 0x00007ffa4b483000 	C:\WINDOWS\SYSTEM32\dinput8.dll
0x00007ffa57510000 - 0x00007ffa57521000 	C:\WINDOWS\SYSTEM32\xinput1_4.dll
0x00007ffa5bf20000 - 0x00007ffa5bf4a000 	C:\WINDOWS\SYSTEM32\DEVOBJ.dll
0x00007ffa4c6d0000 - 0x00007ffa4c7ea000 	C:\WINDOWS\SYSTEM32\inputhost.dll
0x00007ffa59b10000 - 0x00007ffa59be4000 	C:\WINDOWS\SYSTEM32\CoreMessaging.dll
0x00007ffa589a0000 - 0x00007ffa58a8f000 	C:\WINDOWS\SYSTEM32\PROPSYS.dll
0x00007ffa57f00000 - 0x00007ffa5822a000 	C:\WINDOWS\SYSTEM32\CoreUIComponents.dll
0x00007ffa57d70000 - 0x00007ffa57ec3000 	C:\WINDOWS\SYSTEM32\wintypes.dll
0x00007ffa5b020000 - 0x00007ffa5b051000 	C:\WINDOWS\SYSTEM32\ntmarta.dll
0x00007ffa5a760000 - 0x00007ffa5a78d000 	C:\WINDOWS\SYSTEM32\dwmapi.dll
0x00007ffa5ebd0000 - 0x00007ffa5ed06000 	C:\WINDOWS\System32\MSCTF.dll
0x00007ffa5abd0000 - 0x00007ffa5abde000 	C:\WINDOWS\SYSTEM32\HID.DLL
0x00007ffa5d460000 - 0x00007ffa5d8d0000 	C:\WINDOWS\System32\SETUPAPI.DLL
0x00007ffa5c6e0000 - 0x00007ffa5c73c000 	C:\WINDOWS\System32\WINTRUST.dll
0x00007ffa5c1d0000 - 0x00007ffa5c1e2000 	C:\WINDOWS\System32\MSASN1.dll
0x00007ffa5c740000 - 0x00007ffa5c889000 	C:\WINDOWS\System32\CRYPT32.dll
0x00007ffa25b20000 - 0x00007ffa25c76000 	C:\WINDOWS\SYSTEM32\opengl32.dll
0x00007ffa26440000 - 0x00007ffa2646c000 	C:\WINDOWS\SYSTEM32\GLU32.dll
0x00007ffa5ac30000 - 0x00007ffa5ac50000 	C:\WINDOWS\SYSTEM32\dxcore.dll
0x00007ffa26270000 - 0x00007ffa26298000 	C:\WINDOWS\System32\DriverStore\FileRepository\c0346830.inf_amd64_f723e13ffb3b2652\B345901\atig6pxx.dll
0x00007ffa18bd0000 - 0x00007ffa1bc25000 	C:\WINDOWS\System32\DriverStore\FileRepository\c0346830.inf_amd64_f723e13ffb3b2652\B345901\atio6axx.dll
0x00007ffa5e9f0000 - 0x00007ffa5eb47000 	C:\WINDOWS\System32\ole32.dll
0x00007ffa27bf0000 - 0x00007ffa27c13000 	C:\WINDOWS\SYSTEM32\dxva2.dll
0x00007ffa26230000 - 0x00007ffa26269000 	C:\WINDOWS\System32\DriverStore\FileRepository\c0346830.inf_amd64_f723e13ffb3b2652\B345901\atig6txx.dll
0x00007ffa244c0000 - 0x00007ffa24668000 	C:\WINDOWS\SYSTEM32\atiadlxx.dll
0x00007ffa41850000 - 0x00007ffa418af000 	C:\Users\jonathan\AppData\Local\Temp\lwjgljonathan\3.1.5-build-1\lwjgl_opengl.dll
0x00007ffa4db70000 - 0x00007ffa4dc0e000 	C:\WINDOWS\System32\TextInputFramework.dll

dbghelp: loaded successfully - version: 4.0.5 - missing functions: none
symbol engine: initialized successfully - sym options: 0x614 - pdb path: .;C:\Program Files\AdoptOpenJDK\jdk-11.0.3.7-hotspot\bin;C:\WINDOWS\SYSTEM32;C:\WINDOWS\WinSxS\amd64_microsoft.windows.common-controls_6595b64144ccf1df_6.0.18362.720_none_e6beb5c51314836b;C:\Program Files\AdoptOpenJDK\jdk-11.0.3.7-hotspot\bin\server;C:\Program Files\Bonjour;C:\Users\jonathan\AppData\Local\Temp\lwjgljonathan\3.1.5-build-1;C:\WINDOWS\System32\DriverStore\FileRepository\c0346830.inf_amd64_f723e13ffb3b2652\B345901

VM Arguments:
jvm_args: -Dclojure.libfile=.cpcache\C6F7503879AD39C1AD5B228AABA194E1.libs 
java_command: clojure.main -m nrepl.cmdline --middleware [cider.nrepl/cider-middleware]
java_class_path (initial): src;classes;C:\Users\jonathan\.m2\repository\org\clojure\clojure\1.10.1\clojure-1.10.1.jar;C:\Users\jonathan\.m2\repository\org\lwjgl\lwjgl-opengl\3.1.5\lwjgl-opengl-3.1.5-natives-windows.jar;C:\Users\jonathan\.m2\repository\org\clojure\core.specs.alpha\0.2.44\core.specs.alpha-0.2.44.jar;C:\Users\jonathan\.m2\repository\org\clojure\spec.alpha\0.2.176\spec.alpha-0.2.176.jar;C:\Users\jonathan\.m2\repository\org\lwjgl\lwjgl\3.1.5\lwjgl-3.1.5-natives-windows.jar;C:\Users\jonathan\.m2\repository\org\lwjgl\lwjgl\3.1.5\lwjgl-3.1.5.jar;C:\Users\jonathan\.m2\repository\org\lwjgl\lwjgl-opengl\3.1.5\lwjgl-opengl-3.1.5.jar;C:\Users\jonathan\.m2\repository\cider\cider-nrepl\0.23.0\cider-nrepl-0.23.0.jar;C:\Users\jonathan\.m2\repository\org\lwjgl\lwjgl-glfw\3.1.5\lwjgl-glfw-3.1.5-natives-windows.jar;C:\Users\jonathan\.m2\repository\nrepl\nrepl\0.6.0\nrepl-0.6.0.jar;C:\Users\jonathan\.m2\repository\org\lwjgl\lwjgl-glfw\3.1.5\lwjgl-glfw-3.1.5.jar
Launcher Type: SUN_STANDARD

[Global flags]
     intx CICompilerCount                          = 3                                         {product} {ergonomic}
     uint ConcGCThreads                            = 1                                         {product} {ergonomic}
     uint G1ConcRefinementThreads                  = 4                                         {product} {ergonomic}
   size_t G1HeapRegionSize                         = 1048576                                   {product} {ergonomic}
    uintx GCDrainStackTargetSize                   = 64                                        {product} {ergonomic}
   size_t InitialHeapSize                          = 100663296                                 {product} {ergonomic}
   size_t MarkStackSize                            = 4194304                                   {product} {ergonomic}
   size_t MaxHeapSize                              = 1595932672                                {product} {ergonomic}
   size_t MaxNewSize                               = 957349888                                 {product} {ergonomic}
   size_t MinHeapDeltaBytes                        = 1048576                                   {product} {ergonomic}
    uintx NonNMethodCodeHeapSize                   = 5830092                                {pd product} {ergonomic}
    uintx NonProfiledCodeHeapSize                  = 122914074                              {pd product} {ergonomic}
    uintx ProfiledCodeHeapSize                     = 122914074                              {pd product} {ergonomic}
    uintx ReservedCodeCacheSize                    = 251658240                              {pd product} {ergonomic}
     bool SegmentedCodeCache                       = true                                      {product} {ergonomic}
     bool UseCompressedClassPointers               = true                                 {lp64_product} {ergonomic}
     bool UseCompressedOops                        = true                                 {lp64_product} {ergonomic}
     bool UseG1GC                                  = true                                      {product} {ergonomic}
     bool UseLargePagesIndividualAllocation        = false                                  {pd product} {ergonomic}

Logging:
Log output configuration:
 #0: stdout all=warning uptime,level,tags
 #1: stderr all=off uptime,level,tags

Environment Variables:
JAVA_HOME=C:\Program Files\AdoptOpenJDK\jdk-11.0.3.7-hotspot\
PATH=C:\Program Files\AdoptOpenJDK\jdk-11.0.3.7-hotspot\bin;C:\Program Files (x86)\Common Files\Oracle\Java\javapath;C:\WINDOWS\system32;C:\WINDOWS;C:\WINDOWS\System32\Wbem;C:\WINDOWS\System32\WindowsPowerShell\v1.0\;C:\WINDOWS\System32\OpenSSH\;C:\Program Files\Git\cmd;C:\Program Files\PuTTY\;C:\Android;C:\Windows\System32;C:\Program Files (x86)\Yarn\bin\;C:\Program Files\nodejs\;C:\Program Files\CMake\bin;C:\Users\jonathan\AppData\Local\Programs\Python\Python38-32\Scripts\;C:\Users\jonathan\AppData\Local\Programs\Python\Python38-32\;C:\Users\jonathan\AppData\Local\Microsoft\WindowsApps;C:\Users\jonathan\.lein\bin;C:\dev\curl-7.63.0-win64-mingw\bin;C:\WINDOWS\System32\WindowsPowerShell\v1.0;C:\Users\jonathan\AppData\Local\Yarn\bin;C:\Users\jonathan\AppData\Roaming\npm;C:\Users\jonathan\AppData\Local\Programs\Microsoft VS Code\bin;C:\Users\jonathan\AppData\Local\nvs\;C:\dev\curl\bin;
USERNAME=jonathan
OS=Windows_NT
PROCESSOR_IDENTIFIER=AMD64 Family 23 Model 17 Stepping 0, AuthenticAMD



---------------  S Y S T E M  ---------------

OS: Windows 10 , 64 bit Build 18362 (10.0.18362.329)

CPU:total 4 (initial active 4) (4 cores per cpu, 1 threads per core) family 23 model 17 stepping 0, cmov, cx8, fxsr, mmx, sse, sse2, sse3, ssse3, sse4.1, sse4.2, popcnt, avx, avx2, aes, clmul, mmxext, 3dnowpref, lzcnt, sse4a, tsc, tscinvbit, tscinv, bmi1, bmi2, adx, sha, fma

Memory: 4k page, system-wide physical 6086M (1467M free)
TotalPageFile size 17862M (AvailPageFile size 6896M)
current process WorkingSet (physical memory assigned to process): 351M, peak: 387M
current process commit charge ("private bytes"): 414M, peak: 452M

vm_info: OpenJDK 64-Bit Server VM (11.0.3+7) for windows-amd64 JRE (11.0.3+7), built on Apr 18 2019 09:08:27 by "" with MS VC++ 15.8 (VS2017)

END.
